2020-02-13T20:53:06.941010+08:00 - INFO
2020-02-13T21:24:31.116376+08:00 - hellohello
2020-02-13T21:56:40.973190+08:00 - listening on http:127.0.0.1:3000
2020-02-13T22:06:28.605303+08:00 - listening on http:127.0.0.1:3000
2020-02-13T22:06:32.226431+08:00 - request from GET
2020-02-13T22:06:35.240279+08:00 - request from GET
2020-02-13T22:06:35.645068+08:00 - request from GET
2020-02-13T22:06:35.855502+08:00 - request from GET
2020-02-13T22:06:35.967318+08:00 - request from GET
2020-02-13T22:06:36.192654+08:00 - request from GET
2020-02-13T22:06:36.297979+08:00 - request from GET
2020-02-13T22:06:36.530662+08:00 - request from GET
2020-02-13T22:06:36.643399+08:00 - request from GET
2020-02-13T22:06:36.991802+08:00 - request from GET
2020-02-13T22:06:37.094884+08:00 - request from GET
2020-02-13T22:06:37.386964+08:00 - request from GET
2020-02-13T22:06:37.686956+08:00 - request from GET
2020-02-13T22:06:37.808862+08:00 - request from GET
2020-02-13T22:06:37.929708+08:00 - request from GET
2020-02-13T22:06:38.177810+08:00 - request from GET
2020-02-13T22:07:37.726269+08:00 - listening on http:127.0.0.1:3000
2020-02-13T22:07:47.740845+08:00 - request from /
2020-02-13T22:07:57.698315+08:00 - listening on http:127.0.0.1:3000
2020-02-13T22:08:01.180372+08:00 - request from /
2020-02-13T22:08:02.937858+08:00 - request from /
2020-02-13T22:08:03.107014+08:00 - request from /
2020-02-13T22:08:03.268404+08:00 - request from /
2020-02-13T22:08:03.454116+08:00 - request from /
2020-02-14T08:38:28.168340+08:00 - request from /
2020-02-14T08:38:31.038667+08:00 - request from /wwww
2020-02-14T08:38:31.075049+08:00 - request from /favicon.ico
2020-02-14T08:40:41.107879+08:00 - request from /
2020-02-14T08:40:41.775209+08:00 - request from /
2020-02-14T22:13:50.912909+08:00 - request from /
